2018/10/30 23:22:09 [error] [php] Creating default object from empty value (/opt/lampp/htdocs/hindi/protected/controllers/AnalyticsController.php:270)
Stack trace:
#0 /opt/lampp/htdocs/yii/framework/web/CController.php(286): AnalyticsController->runAction()
#1 /opt/lampp/htdocs/yii/framework/web/CController.php(265): AnalyticsController->runActionWithFilters()
#2 /opt/lampp/htdocs/yii/framework/web/CWebApplication.php(282): AnalyticsController->run()
#3 /opt/lampp/htdocs/yii/framework/web/CWebApplication.php(141): CWebApplication->runController()
#4 /opt/lampp/htdocs/yii/framework/base/CApplication.php(185): CWebApplication->processRequest()
#5 /opt/lampp/htdocs/hindi/index.php(13): CWebApplication->run()
REQUEST_URI=/hindi/analytics/trackingTask/
in /opt/lampp/htdocs/hindi/protected/controllers/AnalyticsController.php (270)
in /opt/lampp/htdocs/hindi/index.php (13)
2018/10/30 23:22:11 [error] [php] Creating default object from empty value (/opt/lampp/htdocs/hindi/protected/controllers/AnalyticsController.php:270)
Stack trace:
#0 /opt/lampp/htdocs/yii/framework/web/CController.php(286): AnalyticsController->runAction()
#1 /opt/lampp/htdocs/yii/framework/web/CController.php(265): AnalyticsController->runActionWithFilters()
#2 /opt/lampp/htdocs/yii/framework/web/CWebApplication.php(282): AnalyticsController->run()
#3 /opt/lampp/htdocs/yii/framework/web/CWebApplication.php(141): CWebApplication->runController()
#4 /opt/lampp/htdocs/yii/framework/base/CApplication.php(185): CWebApplication->processRequest()
#5 /opt/lampp/htdocs/hindi/index.php(13): CWebApplication->run()
REQUEST_URI=/hindi/analytics/trackingTask/
in /opt/lampp/htdocs/hindi/protected/controllers/AnalyticsController.php (270)
in /opt/lampp/htdocs/hindi/index.php (13)
2018/10/30 23:22:13 [error] [php] Creating default object from empty value (/opt/lampp/htdocs/hindi/protected/controllers/AnalyticsController.php:270)
Stack trace:
#0 /opt/lampp/htdocs/yii/framework/web/CController.php(286): AnalyticsController->runAction()
#1 /opt/lampp/htdocs/yii/framework/web/CController.php(265): AnalyticsController->runActionWithFilters()
#2 /opt/lampp/htdocs/yii/framework/web/CWebApplication.php(282): AnalyticsController->run()
#3 /opt/lampp/htdocs/yii/framework/web/CWebApplication.php(141): CWebApplication->runController()
#4 /opt/lampp/htdocs/yii/framework/base/CApplication.php(185): CWebApplication->processRequest()
#5 /opt/lampp/htdocs/hindi/index.php(13): CWebApplication->run()
REQUEST_URI=/hindi/analytics/trackingTask/
in /opt/lampp/htdocs/hindi/protected/controllers/AnalyticsController.php (270)
in /opt/lampp/htdocs/hindi/index.php (13)
2018/10/30 23:23:40 [error] [php] Creating default object from empty value (/opt/lampp/htdocs/hindi/protected/controllers/AnalyticsController.php:270)
Stack trace:
#0 /opt/lampp/htdocs/yii/framework/web/CController.php(286): AnalyticsController->runAction()
#1 /opt/lampp/htdocs/yii/framework/web/CController.php(265): AnalyticsController->runActionWithFilters()
#2 /opt/lampp/htdocs/yii/framework/web/CWebApplication.php(282): AnalyticsController->run()
#3 /opt/lampp/htdocs/yii/framework/web/CWebApplication.php(141): CWebApplication->runController()
#4 /opt/lampp/htdocs/yii/framework/base/CApplication.php(185): CWebApplication->processRequest()
#5 /opt/lampp/htdocs/hindi/index.php(13): CWebApplication->run()
REQUEST_URI=/hindi/analytics/trackingTask/
in /opt/lampp/htdocs/hindi/protected/controllers/AnalyticsController.php (270)
in /opt/lampp/htdocs/hindi/index.php (13)
